This is XeTeX, Version 3.141592653-2.6-0.999996 (TeX Live 2024) (preloaded format=xelatex 2025.2.18)  25 FEB 2025 15:20
entering extended mode
 restricted \write18 enabled.
 %&-line parsing enabled.
**/Users/pilarpastormartinez/Documents/MasterThesis/masterthesis/report/chapter02.tex
(/Users/pilarpastormartinez/Documents/MasterThesis/masterthesis/report/chapter02.tex
LaTeX2e <2024-11-01> patch level 2
L3 programming layer <2025-01-18>
! Undefined control sequence.
l.11 \chapter
             {Methodology} 
Here is how much of TeX's memory you used:
 14 strings out of 475803
 474 string characters out of 5771445
 381216 words of memory out of 5000000
 23052 multiletter control sequences out of 15000+600000
 558837 words of font info for 36 fonts, out of 8000000 for 9000
 36 hyphenation exceptions out of 8191
 11i,0n,13p,142b,8s stack positions out of 10000i,1000n,20000p,200000b,200000s

No pages of output.
