This is pdfTeX, Version 3.141592653-2.6-1.40.26 (TeX Live 2024) (preloaded format=pdflatex 2025.2.18)  24 APR 2025 11:21
entering extended mode
 restricted \write18 enabled.
 %&-line parsing enabled.
**/Users/pilarpastormartinez/Documents/MasterThesis/masterthesis/report/msc_report.tex
(/Users/pilarpastormartinez/Documents/MasterThesis/masterthesis/report/msc_report.tex
LaTeX2e <2024-11-01> patch level 2
L3 programming layer <2025-01-18>
(/Users/pilarpastormartinez/Library/TinyTeX/texmf-dist/tex/latex/base/book.cls
Document Class: book 2024/06/29 v1.4n Standard LaTeX document class
(/Users/pilarpastormartinez/Library/TinyTeX/texmf-dist/tex/latex/base/bk11.clo
File: bk11.clo 2024/06/29 v1.4n Standard LaTeX file (size option)
)
\c@part=\count196
\c@chapter=\count197
\c@section=\count198
\c@subsection=\count199
\c@subsubsection=\count266
\c@paragraph=\count267
\c@subparagraph=\count268
\c@figure=\count269
\c@table=\count270
\abovecaptionskip=\skip49
\belowcaptionskip=\skip50
\bibindent=\dimen141
) (./header.sty (/Users/pilarpastormartinez/Library/TinyTeX/texmf-dist/tex/latex/base/ifthen.sty
Package: ifthen 2024/03/16 v1.1e Standard LaTeX ifthen package (DPC)
) (/Users/pilarpastormartinez/Library/TinyTeX/texmf-dist/tex/latex/tools/calc.sty
Package: calc 2023/07/08 v4.3 Infix arithmetic (KKT,FJ)
\calc@Acount=\count271
\calc@Bcount=\count272
\calc@Adimen=\dimen142
\calc@Bdimen=\dimen143
\calc@Askip=\skip51
\calc@Bskip=\skip52
LaTeX Info: Redefining \setlength on input line 80.
LaTeX Info: Redefining \addtolength on input line 81.
\calc@Ccount=\count273
\calc@Cskip=\skip53
) (/Users/pilarpastormartinez/Library/TinyTeX/texmf-dist/tex/latex/base/fontenc.sty
Package: fontenc 2021/04/29 v2.0v Standard LaTeX package
) (/Users/pilarpastormartinez/Library/TinyTeX/texmf-dist/tex/latex/base/inputenc.sty
Package: inputenc 2024/02/08 v1.3d Input encoding file
\inpenc@prehook=\toks17
\inpenc@posthook=\toks18
(/Users/pilarpastormartinez/Library/TinyTeX/texmf-dist/tex/latex/base/latin1.def
File: latin1.def 2024/02/08 v1.3d Input encoding file
)) (/Users/pilarpastormartinez/Library/TinyTeX/texmf-dist/tex/latex/graphics/graphicx.sty
Package: graphicx 2021/09/16 v1.2d Enhanced LaTeX Graphics (DPC,SPQR)
(/Users/pilarpastormartinez/Library/TinyTeX/texmf-dist/tex/latex/graphics/keyval.sty
Package: keyval 2022/05/29 v1.15 key=value parser (DPC)
\KV@toks@=\toks19
) (/Users/pilarpastormartinez/Library/TinyTeX/texmf-dist/tex/latex/graphics/graphics.sty
Package: graphics 2024/08/06 v1.4g Standard LaTeX Graphics (DPC,SPQR)
(/Users/pilarpastormartinez/Library/TinyTeX/texmf-dist/tex/latex/graphics/trig.sty
Package: trig 2023/12/02 v1.11 sin cos tan (DPC)
) (/Users/pilarpastormartinez/Library/TinyTeX/texmf-dist/tex/latex/graphics-cfg/graphics.cfg
File: graphics.cfg 2016/06/04 v1.11 sample graphics configuration
)
Package graphics Info: Driver file: pdftex.def on input line 106.
(/Users/pilarpastormartinez/Library/TinyTeX/texmf-dist/tex/latex/graphics-def/pdftex.def
File: pdftex.def 2024/04/13 v1.2c Graphics/color driver for pdftex
))
\Gin@req@height=\dimen144
\Gin@req@width=\dimen145
) (/Users/pilarpastormartinez/Library/TinyTeX/texmf-dist/tex/latex/graphics/color.sty
Package: color 2024/06/23 v1.3e Standard LaTeX Color (DPC)
(/Users/pilarpastormartinez/Library/TinyTeX/texmf-dist/tex/latex/graphics-cfg/color.cfg
File: color.cfg 2016/01/02 v1.6 sample color configuration
)
Package color Info: Driver file: pdftex.def on input line 149.
(/Users/pilarpastormartinez/Library/TinyTeX/texmf-dist/tex/latex/graphics/mathcolor.ltx)) (/Users/pilarpastormartinez/Library/TinyTeX/texmf-dist/tex/latex/tools/verbatim.sty
Package: verbatim 2024-01-22 v1.5x LaTeX2e package for verbatim enhancements
\every@verbatim=\toks20
\verbatim@line=\toks21
\verbatim@in@stream=\read2
) (/Users/pilarpastormartinez/Library/TinyTeX/texmf-dist/tex/latex/xcolor/xcolor.sty
Package: xcolor 2024/09/29 v3.02 LaTeX color extensions (UK)
(/Users/pilarpastormartinez/Library/TinyTeX/texmf-dist/tex/latex/graphics-cfg/color.cfg
File: color.cfg 2016/01/02 v1.6 sample color configuration
)
Package xcolor Info: Driver file: pdftex.def on input line 274.
LaTeX Info: Redefining \color on input line 762.
(/Users/pilarpastormartinez/Library/TinyTeX/texmf-dist/tex/latex/graphics/mathcolor.ltx)
Package xcolor Info: Model `cmy' substituted by `cmy0' on input line 1349.
Package xcolor Info: Model `hsb' substituted by `rgb' on input line 1353.
Package xcolor Info: Model `RGB' extended on input line 1365.
Package xcolor Info: Model `HTML' substituted by `rgb' on input line 1367.
Package xcolor Info: Model `Hsb' substituted by `hsb' on input line 1368.
Package xcolor Info: Model `tHsb' substituted by `hsb' on input line 1369.
Package xcolor Info: Model `HSB' substituted by `hsb' on input line 1370.
Package xcolor Info: Model `Gray' substituted by `gray' on input line 1371.
Package xcolor Info: Model `wave' substituted by `hsb' on input line 1372.
) (/Users/pilarpastormartinez/Library/TinyTeX/texmf-dist/tex/latex/graphics/dvipsnam.def
File: dvipsnam.def 2016/06/17 v3.0m Driver-dependent file (DPC,SPQR)
) (/Users/pilarpastormartinez/Library/TinyTeX/texmf-dist/tex/latex/tools/afterpage.sty
Package: afterpage 2023/07/04 v1.08 After-Page Package (DPC)
\AP@output=\toks22
\AP@partial=\box52
\AP@footins=\box53
) (/Users/pilarpastormartinez/Library/TinyTeX/texmf-dist/tex/latex/natbib/natbib.sty
Package: natbib 2010/09/13 8.31b (PWD, AO)
\bibhang=\skip54
\bibsep=\skip55
LaTeX Info: Redefining \cite on input line 694.
\c@NAT@ctr=\count274
) (/Users/pilarpastormartinez/Library/TinyTeX/texmf-dist/tex/latex/upquote/upquote.sty
Package: upquote 2012/04/19 v1.3 upright-quote and grave-accent glyphs in verbatim
(/Users/pilarpastormartinez/Library/TinyTeX/texmf-dist/tex/latex/base/textcomp.sty
Package: textcomp 2024/04/24 v2.1b Standard LaTeX package
)) (/Users/pilarpastormartinez/Library/TinyTeX/texmf-dist/tex/generic/babel/babel.sty
Package: babel 2025/02/14 v25.4 The multilingual framework for pdfLaTeX, LuaLaTeX and XeLaTeX
\babel@savecnt=\count275
\U@D=\dimen146
\l@unhyphenated=\language7
(/Users/pilarpastormartinez/Library/TinyTeX/texmf-dist/tex/generic/babel/txtbabel.def)
\bbl@readstream=\read3
\bbl@dirlevel=\count276
(/Users/pilarpastormartinez/Library/TinyTeX/texmf-dist/tex/generic/babel-english/english.ldf
Language: english 2017/06/06 v3.3r English support from the babel system
Package babel Info: Hyphen rules for 'canadian' set to \l@english
(babel)             (\language0). Reported on input line 102.
Package babel Info: Hyphen rules for 'australian' set to \l@ukenglish
(babel)             (\language5). Reported on input line 105.
Package babel Info: Hyphen rules for 'newzealand' set to \l@ukenglish
(babel)             (\language5). Reported on input line 108.
)) (/Users/pilarpastormartinez/Library/TinyTeX/texmf-dist/tex/generic/babel/locale/en/babel-english.tex
Package babel Info: Importing font and identification data for english
(babel)             from babel-en.ini. Reported on input line 11.
) (/Users/pilarpastormartinez/Library/TinyTeX/texmf-dist/tex/latex/fancyhdr/fancyhdr.sty
Package: fancyhdr 2025/02/07 v5.2 Extensive control of page headers and footers
\f@nch@headwidth=\skip56
\f@nch@offset@elh=\skip57
\f@nch@offset@erh=\skip58
\f@nch@offset@olh=\skip59
\f@nch@offset@orh=\skip60
\f@nch@offset@elf=\skip61
\f@nch@offset@erf=\skip62
\f@nch@offset@olf=\skip63
\f@nch@offset@orf=\skip64
\f@nch@height=\skip65
\f@nch@footalignment=\skip66
\f@nch@widthL=\skip67
\f@nch@widthC=\skip68
\f@nch@widthR=\skip69
\@temptokenb=\toks23
) (/Users/pilarpastormartinez/Library/TinyTeX/texmf-dist/tex/latex/fancyvrb/fancyvrb.sty
Package: fancyvrb 2024/01/20 4.5c verbatim text (tvz,hv)
\FV@CodeLineNo=\count277
\FV@InFile=\read4
\FV@TabBox=\box54
\c@FancyVerbLine=\count278
\FV@StepNumber=\count279
\FV@OutFile=\write3
) (/Users/pilarpastormartinez/Library/TinyTeX/texmf-dist/tex/latex/float/float.sty
Package: float 2001/11/08 v1.3d Float enhancements (AL)
\c@float@type=\count280
\float@exts=\toks24
\float@box=\box55
\@float@everytoks=\toks25
\@floatcapt=\box56
) (/Users/pilarpastormartinez/Library/TinyTeX/texmf-dist/tex/latex/caption/caption.sty
Package: caption 2023/08/05 v3.6o Customizing captions (AR)
(/Users/pilarpastormartinez/Library/TinyTeX/texmf-dist/tex/latex/caption/caption3.sty
Package: caption3 2023/07/31 v2.4d caption3 kernel (AR)
\caption@tempdima=\dimen147
\captionmargin=\dimen148
\caption@leftmargin=\dimen149
\caption@rightmargin=\dimen150
\caption@width=\dimen151
\caption@indent=\dimen152
\caption@parindent=\dimen153
\caption@hangindent=\dimen154
Package caption Info: Standard document class detected.
)
\c@caption@flags=\count281
\c@continuedfloat=\count282
Package caption Info: float package is loaded.
) (/Users/pilarpastormartinez/Library/TinyTeX/texmf-dist/tex/latex/hyperref/hyperref.sty
Package: hyperref 2024-11-05 v7.01l Hypertext links for LaTeX
(/Users/pilarpastormartinez/Library/TinyTeX/texmf-dist/tex/generic/iftex/iftex.sty
Package: iftex 2024/12/12 v1.0g TeX engine tests
) (/Users/pilarpastormartinez/Library/TinyTeX/texmf-dist/tex/latex/kvsetkeys/kvsetkeys.sty
Package: kvsetkeys 2022-10-05 v1.19 Key value parser (HO)
) (/Users/pilarpastormartinez/Library/TinyTeX/texmf-dist/tex/generic/kvdefinekeys/kvdefinekeys.sty
Package: kvdefinekeys 2019-12-19 v1.6 Define keys (HO)
) (/Users/pilarpastormartinez/Library/TinyTeX/texmf-dist/tex/generic/pdfescape/pdfescape.sty
Package: pdfescape 2019/12/09 v1.15 Implements pdfTeX's escape features (HO)
(/Users/pilarpastormartinez/Library/TinyTeX/texmf-dist/tex/generic/ltxcmds/ltxcmds.sty
Package: ltxcmds 2023-12-04 v1.26 LaTeX kernel commands for general use (HO)
) (/Users/pilarpastormartinez/Library/TinyTeX/texmf-dist/tex/generic/pdftexcmds/pdftexcmds.sty
Package: pdftexcmds 2020-06-27 v0.33 Utility functions of pdfTeX for LuaTeX (HO)
(/Users/pilarpastormartinez/Library/TinyTeX/texmf-dist/tex/generic/infwarerr/infwarerr.sty
Package: infwarerr 2019/12/03 v1.5 Providing info/warning/error messages (HO)
)
Package pdftexcmds Info: \pdf@primitive is available.
Package pdftexcmds Info: \pdf@ifprimitive is available.
Package pdftexcmds Info: \pdfdraftmode found.
)) (/Users/pilarpastormartinez/Library/TinyTeX/texmf-dist/tex/latex/hycolor/hycolor.sty
Package: hycolor 2020-01-27 v1.10 Color options for hyperref/bookmark (HO)
) (/Users/pilarpastormartinez/Library/TinyTeX/texmf-dist/tex/latex/hyperref/nameref.sty
Package: nameref 2023-11-26 v2.56 Cross-referencing by name of section
(/Users/pilarpastormartinez/Library/TinyTeX/texmf-dist/tex/latex/refcount/refcount.sty
Package: refcount 2019/12/15 v3.6 Data extraction from label references (HO)
) (/Users/pilarpastormartinez/Library/TinyTeX/texmf-dist/tex/generic/gettitlestring/gettitlestring.sty
Package: gettitlestring 2019/12/15 v1.6 Cleanup title references (HO)
(/Users/pilarpastormartinez/Library/TinyTeX/texmf-dist/tex/latex/kvoptions/kvoptions.sty
Package: kvoptions 2022-06-15 v3.15 Key value format for package options (HO)
))
\c@section@level=\count283
) (/Users/pilarpastormartinez/Library/TinyTeX/texmf-dist/tex/latex/etoolbox/etoolbox.sty
Package: etoolbox 2025/02/11 v2.5l e-TeX tools for LaTeX (JAW)
\etb@tempcnta=\count284
) (/Users/pilarpastormartinez/Library/TinyTeX/texmf-dist/tex/generic/stringenc/stringenc.sty
Package: stringenc 2019/11/29 v1.12 Convert strings between diff. encodings (HO)
)
\@linkdim=\dimen155
\Hy@linkcounter=\count285
\Hy@pagecounter=\count286
(/Users/pilarpastormartinez/Library/TinyTeX/texmf-dist/tex/latex/hyperref/pd1enc.def
File: pd1enc.def 2024-11-05 v7.01l Hyperref: PDFDocEncoding definition (HO)
Now handling font encoding PD1 ...
... no UTF-8 mapping file for font encoding PD1
) (/Users/pilarpastormartinez/Library/TinyTeX/texmf-dist/tex/generic/intcalc/intcalc.sty
Package: intcalc 2019/12/15 v1.3 Expandable calculations with integers (HO)
)
\Hy@SavedSpaceFactor=\count287
(/Users/pilarpastormartinez/Library/TinyTeX/texmf-dist/tex/latex/hyperref/puenc.def
File: puenc.def 2024-11-05 v7.01l Hyperref: PDF Unicode definition (HO)
Now handling font encoding PU ...
... no UTF-8 mapping file for font encoding PU
) (./hyperref.cfg
Package hyperref Info: Option `bookmarks' set `true' on input line 26.
Package hyperref Info: Option `unicode' set `false' on input line 26.
Package hyperref Info: Option `pdftoolbar' set `true' on input line 26.
Package hyperref Info: Option `pdfmenubar' set `true' on input line 26.
Package hyperref Info: Option `pdffitwindow' set `false' on input line 26.
Package hyperref Info: Option `colorlinks' set `true' on input line 26.
)
Package hyperref Info: Option `plainpages' set `false' on input line 4040.
Package hyperref Info: Option `pdfpagelabels' set `true' on input line 4040.
Package hyperref Info: Option `colorlinks' set `true' on input line 4040.
Package hyperref Info: Hyper figures OFF on input line 4157.
Package hyperref Info: Link nesting OFF on input line 4162.
Package hyperref Info: Hyper index ON on input line 4165.
Package hyperref Info: Plain pages OFF on input line 4172.
Package hyperref Info: Backreferencing ON on input line 4175.
Package hyperref Info: Implicit mode ON; LaTeX internals redefined.
Package hyperref Info: Bookmarks ON on input line 4424.
(/Users/pilarpastormartinez/Library/TinyTeX/texmf-dist/tex/latex/hyperref/backref.sty
Package: backref 2023-11-26 v1.44 Bibliographical back referencing
(/Users/pilarpastormartinez/Library/TinyTeX/texmf-dist/tex/latex/rerunfilecheck/rerunfilecheck.sty
Package: rerunfilecheck 2022-07-10 v1.10 Rerun checks for auxiliary files (HO)
(/Users/pilarpastormartinez/Library/TinyTeX/texmf-dist/tex/latex/base/atveryend-ltx.sty
Package: atveryend-ltx 2020/08/19 v1.0a Emulation of the original atveryend package
with kernel methods
) (/Users/pilarpastormartinez/Library/TinyTeX/texmf-dist/tex/generic/uniquecounter/uniquecounter.sty
Package: uniquecounter 2019/12/15 v1.4 Provide unlimited unique counter (HO)
(/Users/pilarpastormartinez/Library/TinyTeX/texmf-dist/tex/generic/bigintcalc/bigintcalc.sty
Package: bigintcalc 2019/12/15 v1.5 Expandable calculations on big integers (HO)
))
Package uniquecounter Info: New unique counter `rerunfilecheck' on input line 285.
))
\c@Hy@tempcnt=\count288
(/Users/pilarpastormartinez/Library/TinyTeX/texmf-dist/tex/latex/url/url.sty
\Urlmuskip=\muskip17
Package: url 2013/09/16  ver 3.4  Verb mode for urls, etc.
)
LaTeX Info: Redefining \url on input line 4763.
\XeTeXLinkMargin=\dimen156
(/Users/pilarpastormartinez/Library/TinyTeX/texmf-dist/tex/generic/bitset/bitset.sty
Package: bitset 2019/12/09 v1.3 Handle bit-vector datatype (HO)
)
\Fld@menulength=\count289
\Field@Width=\dimen157
\Fld@charsize=\dimen158
Package hyperref Info: Hyper figures OFF on input line 6042.
Package hyperref Info: Link nesting OFF on input line 6047.
Package hyperref Info: Hyper index ON on input line 6050.
Package hyperref Info: backreferencing ON on input line 6055.
Package hyperref Info: Link coloring ON on input line 6060.
Package hyperref Info: Link coloring with OCG OFF on input line 6067.
Package hyperref Info: PDF/A mode OFF on input line 6072.
(/Users/pilarpastormartinez/Library/TinyTeX/texmf-dist/tex/latex/base/atbegshi-ltx.sty
Package: atbegshi-ltx 2021/01/10 v1.0c Emulation of the original atbegshi
package with kernel methods
)
\Hy@abspage=\count290
\c@Item=\count291
\c@Hfootnote=\count292
)
Package hyperref Info: Driver: hpdftex.
(/Users/pilarpastormartinez/Library/TinyTeX/texmf-dist/tex/latex/hyperref/hpdftex.def
File: hpdftex.def 2024-11-05 v7.01l Hyperref driver for pdfTeX
\Fld@listcount=\count293
\c@bookmark@seq@number=\count294
\Hy@SectionHShift=\skip70
) (/Users/pilarpastormartinez/Library/TinyTeX/texmf-dist/tex/latex/amsmath/amsmath.sty
Package: amsmath 2024/11/05 v2.17t AMS math features
\@mathmargin=\skip71
For additional information on amsmath, use the `?' option.
(/Users/pilarpastormartinez/Library/TinyTeX/texmf-dist/tex/latex/amsmath/amstext.sty
Package: amstext 2021/08/26 v2.01 AMS text
(/Users/pilarpastormartinez/Library/TinyTeX/texmf-dist/tex/latex/amsmath/amsgen.sty
File: amsgen.sty 1999/11/30 v2.0 generic functions
\@emptytoks=\toks26
\ex@=\dimen159
)) (/Users/pilarpastormartinez/Library/TinyTeX/texmf-dist/tex/latex/amsmath/amsbsy.sty
Package: amsbsy 1999/11/29 v1.2d Bold Symbols
\pmbraise@=\dimen160
) (/Users/pilarpastormartinez/Library/TinyTeX/texmf-dist/tex/latex/amsmath/amsopn.sty
Package: amsopn 2022/04/08 v2.04 operator names
)
\inf@bad=\count295
LaTeX Info: Redefining \frac on input line 233.
\uproot@=\count296
\leftroot@=\count297
LaTeX Info: Redefining \overline on input line 398.
LaTeX Info: Redefining \colon on input line 409.
\classnum@=\count298
\DOTSCASE@=\count299
LaTeX Info: Redefining \ldots on input line 495.
LaTeX Info: Redefining \dots on input line 498.
LaTeX Info: Redefining \cdots on input line 619.
\Mathstrutbox@=\box57
\strutbox@=\box58
LaTeX Info: Redefining \big on input line 721.
LaTeX Info: Redefining \Big on input line 722.
LaTeX Info: Redefining \bigg on input line 723.
LaTeX Info: Redefining \Bigg on input line 724.
\big@size=\dimen161
LaTeX Font Info:    Redeclaring font encoding OML on input line 742.
LaTeX Font Info:    Redeclaring font encoding OMS on input line 743.
\macc@depth=\count300
LaTeX Info: Redefining \bmod on input line 904.
LaTeX Info: Redefining \pmod on input line 909.
LaTeX Info: Redefining \smash on input line 939.
LaTeX Info: Redefining \relbar on input line 969.
LaTeX Info: Redefining \Relbar on input line 970.
\c@MaxMatrixCols=\count301
\dotsspace@=\muskip18
\c@parentequation=\count302
\dspbrk@lvl=\count303
\tag@help=\toks27
\row@=\count304
\column@=\count305
\maxfields@=\count306
\andhelp@=\toks28
\eqnshift@=\dimen162
\alignsep@=\dimen163
\tagshift@=\dimen164
\tagwidth@=\dimen165
\totwidth@=\dimen166
\lineht@=\dimen167
\@envbody=\toks29
\multlinegap=\skip72
\multlinetaggap=\skip73
\mathdisplay@stack=\toks30
LaTeX Info: Redefining \[ on input line 2953.
LaTeX Info: Redefining \] on input line 2954.
) (/Users/pilarpastormartinez/Library/TinyTeX/texmf-dist/tex/latex/amscls/amsthm.sty
Package: amsthm 2020/05/29 v2.20.6
\thm@style=\toks31
\thm@bodyfont=\toks32
\thm@headfont=\toks33
\thm@notefont=\toks34
\thm@headpunct=\toks35
\thm@preskip=\skip74
\thm@postskip=\skip75
\thm@headsep=\skip76
\dth@everypar=\toks36
) (/Users/pilarpastormartinez/Library/TinyTeX/texmf-dist/tex/latex/amsfonts/amssymb.sty
Package: amssymb 2013/01/14 v3.01 AMS font symbols
(/Users/pilarpastormartinez/Library/TinyTeX/texmf-dist/tex/latex/amsfonts/amsfonts.sty
Package: amsfonts 2013/01/14 v3.01 Basic AMSFonts support
\symAMSa=\mathgroup4
\symAMSb=\mathgroup5
LaTeX Font Info:    Redeclaring math symbol \hbar on input line 98.
LaTeX Font Info:    Overwriting math alphabet `\mathfrak' in version `bold'
(Font)                  U/euf/m/n --> U/euf/b/n on input line 106.
))
\c@pro=\count307
\c@des=\count308
\c@bsp=\count309
\c@rem=\count310
\c@definition=\count311
\c@example=\count312
\c@remark=\count313
\c@theorem=\count314
\c@algo=\count315
(/Users/pilarpastormartinez/Library/TinyTeX/texmf-dist/tex/latex/framed/framed.sty
Package: framed 2011/10/22 v 0.96: framed or shaded text with page breaks
\OuterFrameSep=\skip77
\fb@frw=\dimen168
\fb@frh=\dimen169
\FrameRule=\dimen170
\FrameSep=\dimen171
) (/Users/pilarpastormartinez/Library/TinyTeX/texmf-dist/tex/latex/base/alltt.sty
Package: alltt 2024/07/07 v2.0g defines alltt environment
)) (/Users/pilarpastormartinez/Library/TinyTeX/texmf-dist/tex/latex/l3backend/l3backend-pdftex.def
File: l3backend-pdftex.def 2024-05-08 L3 backend support: PDF output (pdfTeX)
\l__color_backend_stack_int=\count316
\l__pdf_internal_box=\box59
) (./msc_report.aux)
\openout1 = `msc_report.aux'.

LaTeX Font Info:    Checking defaults for OML/cmm/m/it on input line 4.
LaTeX Font Info:    ... okay on input line 4.
LaTeX Font Info:    Checking defaults for OMS/cmsy/m/n on input line 4.
LaTeX Font Info:    ... okay on input line 4.
LaTeX Font Info:    Checking defaults for OT1/cmr/m/n on input line 4.
LaTeX Font Info:    ... okay on input line 4.
LaTeX Font Info:    Checking defaults for T1/cmr/m/n on input line 4.
LaTeX Font Info:    ... okay on input line 4.
LaTeX Font Info:    Checking defaults for TS1/cmr/m/n on input line 4.
LaTeX Font Info:    ... okay on input line 4.
LaTeX Font Info:    Checking defaults for OMX/cmex/m/n on input line 4.
LaTeX Font Info:    ... okay on input line 4.
LaTeX Font Info:    Checking defaults for U/cmr/m/n on input line 4.
LaTeX Font Info:    ... okay on input line 4.
LaTeX Font Info:    Checking defaults for PD1/pdf/m/n on input line 4.
LaTeX Font Info:    ... okay on input line 4.
LaTeX Font Info:    Checking defaults for PU/pdf/m/n on input line 4.
LaTeX Font Info:    ... okay on input line 4.
(/Users/pilarpastormartinez/Library/TinyTeX/texmf-dist/tex/latex/epstopdf-pkg/epstopdf-base.sty
Package: epstopdf-base 2020-01-24 v2.11 Base part for package epstopdf
Package epstopdf-base Info: Redefining graphics rule for `.eps' on input line 485.
(/Users/pilarpastormartinez/Library/TinyTeX/texmf-dist/tex/latex/latexconfig/epstopdf-sys.cfg
File: epstopdf-sys.cfg 2010/07/13 v1.3 Configuration of (r)epstopdf for TeX Live
))
Package caption Info: Begin \AtBeginDocument code.
Package caption Info: hyperref package is loaded.
Package caption Info: End \AtBeginDocument code.
Package backref Info: ** backref set up for natbib ** on input line 4.
Package hyperref Info: Link coloring ON on input line 4.
(./msc_report.out) (./msc_report.out)
\@outlinefile=\write4
\openout4 = `msc_report.out'.

(./title.tex

[0

{/Users/pilarpastormartinez/Library/TinyTeX/texmf-var/fonts/map/pdftex/updmap/pdftex.map}]

[1])

[2]

[3] (./msc_report.toc
LaTeX Font Info:    Trying to load font information for U+msa on input line 7.
(/Users/pilarpastormartinez/Library/TinyTeX/texmf-dist/tex/latex/amsfonts/umsa.fd
File: umsa.fd 2013/01/14 v3.01 AMS symbols A
)
LaTeX Font Info:    Trying to load font information for U+msb on input line 7.
(/Users/pilarpastormartinez/Library/TinyTeX/texmf-dist/tex/latex/amsfonts/umsb.fd
File: umsb.fd 2013/01/14 v3.01 AMS symbols B
))
\tf@toc=\write5
\openout5 = `msc_report.toc'.



[1

]

[2

]

[3]

[4

] (./chapter01.tex
Chapter 1.
) (./chapter02.tex

[1

]

[2

]
Chapter 2.
<fig_2_1_a.png, id=204, 645.41125pt x 401.5pt>
File: fig_2_1_a.png Graphic file (type png)
<use fig_2_1_a.png>
Package pdftex.def Info: fig_2_1_a.png  used on input line 32.
(pdftex.def)             Requested size: 318.70944pt x 198.26218pt.

LaTeX Warning: `h' float specifier changed to `ht'.

<whelan_flow.png, id=218, 417.56pt x 634.37pt>
File: whelan_flow.png Graphic file (type png)
<use whelan_flow.png>
Package pdftex.def Info: whelan_flow.png  used on input line 39.
(pdftex.def)             Requested size: 318.70944pt x 484.21701pt.

LaTeX Warning: `h' float specifier changed to `ht'.



[3]
<fig_2_1_b.png, id=253, 752.8125pt x 408.52625pt>
File: fig_2_1_b.png Graphic file (type png)
<use fig_2_1_b.png>
Package pdftex.def Info: fig_2_1_b.png  used on input line 53.
(pdftex.def)             Requested size: 318.70944pt x 172.95747pt.

LaTeX Warning: `h' float specifier changed to `ht'.



[4 <./fig_2_1_a.png>]

[5 <./whelan_flow.png>]

[6 <./fig_2_1_b.png>]
Chapter 3.

LaTeX Warning: `!h' float specifier changed to `!ht'.



[7

]
<figure/ch02_figunnamed-chunk-3-1.pdf, id=356, 505.89pt x 505.89pt>
File: figure/ch02_figunnamed-chunk-3-1.pdf Graphic file (type pdf)
<use figure/ch02_figunnamed-chunk-3-1.pdf>
Package pdftex.def Info: figure/ch02_figunnamed-chunk-3-1.pdf  used on input line 235.
(pdftex.def)             Requested size: 369.94295pt x 369.95276pt.
<figure/ch02_figunnamed-chunk-4-1.pdf, id=367, 505.89pt x 505.89pt>
File: figure/ch02_figunnamed-chunk-4-1.pdf Graphic file (type pdf)
<use figure/ch02_figunnamed-chunk-4-1.pdf>
Package pdftex.def Info: figure/ch02_figunnamed-chunk-4-1.pdf  used on input line 250.
(pdftex.def)             Requested size: 369.94295pt x 369.95276pt.
<figure/ch02_figunnamed-chunk-5-1.pdf, id=368, 505.89pt x 505.89pt>
File: figure/ch02_figunnamed-chunk-5-1.pdf Graphic file (type pdf)
<use figure/ch02_figunnamed-chunk-5-1.pdf>
Package pdftex.def Info: figure/ch02_figunnamed-chunk-5-1.pdf  used on input line 264.
(pdftex.def)             Requested size: 369.94295pt x 369.95276pt.
<figure/ch02_figunnamed-chunk-6-1.pdf, id=369, 505.89pt x 505.89pt>
File: figure/ch02_figunnamed-chunk-6-1.pdf Graphic file (type pdf)
<use figure/ch02_figunnamed-chunk-6-1.pdf>
Package pdftex.def Info: figure/ch02_figunnamed-chunk-6-1.pdf  used on input line 279.
(pdftex.def)             Requested size: 369.94295pt x 369.95276pt.


[8]
Overfull \hbox (18.1494pt too wide) in paragraph at lines 293--293
[]\T1/cmr/bx/n/14.4 Counts: Neg-a-tive Bi-no-mial model de-rived from Poisson-Gamma
 []




Overfull \hbox (20.02324pt too wide) has occurred while \output is active
\T1/cmr/m/sl/10.95 3.3.  COUNTS: NEGATIVE BINOMIAL MODEL DERIVED FROM POISSON-GAMMA MODEL \T1/cmr/m/n/10.95 9
 []

[9 <./figure/ch02_figunnamed-chunk-3-1.pdf>]
<figure/ch02_figunnamed-chunk-7-1.pdf, id=410, 505.89pt x 361.35pt>
File: figure/ch02_figunnamed-chunk-7-1.pdf Graphic file (type pdf)
<use figure/ch02_figunnamed-chunk-7-1.pdf>
Package pdftex.def Info: figure/ch02_figunnamed-chunk-7-1.pdf  used on input line 304.
(pdftex.def)             Requested size: 369.94295pt x 264.25197pt.

Underfull \vbox (badness 10000) has occurred while \output is active []



[10 <./figure/ch02_figunnamed-chunk-4-1.pdf>]


Overfull \hbox (25.46718pt too wide) has occurred while \output is active
\T1/cmr/m/sl/10.95 3.3.  COUNTS: NEGATIVE BINOMIAL MODEL DERIVED FROM POISSON-GAMMA MODEL \T1/cmr/m/n/10.95 11
 []

[11 <./figure/ch02_figunnamed-chunk-5-1.pdf>]

[12 <./figure/ch02_figunnamed-chunk-6-1.pdf>]


Overfull \hbox (25.46718pt too wide) has occurred while \output is active
\T1/cmr/m/sl/10.95 3.3.  COUNTS: NEGATIVE BINOMIAL MODEL DERIVED FROM POISSON-GAMMA MODEL \T1/cmr/m/n/10.95 13
 []

[13 <./figure/ch02_figunnamed-chunk-7-1.pdf>]
Underfull \vbox (badness 1377) has occurred while \output is active []



[14]
<figure/ch02_figunnamed-chunk-8-1.pdf, id=496, 505.89pt x 505.89pt>
File: figure/ch02_figunnamed-chunk-8-1.pdf Graphic file (type pdf)
<use figure/ch02_figunnamed-chunk-8-1.pdf>
Package pdftex.def Info: figure/ch02_figunnamed-chunk-8-1.pdf  used on input line 438.
(pdftex.def)             Requested size: 369.94295pt x 369.95276pt.
<figure/ch02_figunnamed-chunk-9-1.pdf, id=507, 505.89pt x 505.89pt>
File: figure/ch02_figunnamed-chunk-9-1.pdf Graphic file (type pdf)
<use figure/ch02_figunnamed-chunk-9-1.pdf>
Package pdftex.def Info: figure/ch02_figunnamed-chunk-9-1.pdf  used on input line 454.
(pdftex.def)             Requested size: 369.94295pt x 369.95276pt.



Overfull \hbox (25.46718pt too wide) has occurred while \output is active
\T1/cmr/m/sl/10.95 3.3.  COUNTS: NEGATIVE BINOMIAL MODEL DERIVED FROM POISSON-GAMMA MODEL \T1/cmr/m/n/10.95 15
 []

[15 <./figure/ch02_figunnamed-chunk-8-1.pdf>]
<figure/ch02_figunnamed-chunk-10-1.pdf, id=528, 505.89pt x 361.35pt>
File: figure/ch02_figunnamed-chunk-10-1.pdf Graphic file (type pdf)
<use figure/ch02_figunnamed-chunk-10-1.pdf>
Package pdftex.def Info: figure/ch02_figunnamed-chunk-10-1.pdf  used on input line 479.
(pdftex.def)             Requested size: 369.94295pt x 264.25197pt.

Underfull \vbox (badness 7064) has occurred while \output is active []



[16 <./figure/ch02_figunnamed-chunk-9-1.pdf>]


Overfull \hbox (25.46718pt too wide) has occurred while \output is active
\T1/cmr/m/sl/10.95 3.3.  COUNTS: NEGATIVE BINOMIAL MODEL DERIVED FROM POISSON-GAMMA MODEL \T1/cmr/m/n/10.95 17
 []

[17 <./figure/ch02_figunnamed-chunk-10-1.pdf>]
<figure/ch02_figunnamed-chunk-11-1.pdf, id=566, 505.89pt x 505.89pt>
File: figure/ch02_figunnamed-chunk-11-1.pdf Graphic file (type pdf)
<use figure/ch02_figunnamed-chunk-11-1.pdf>
Package pdftex.def Info: figure/ch02_figunnamed-chunk-11-1.pdf  used on input line 537.
(pdftex.def)             Requested size: 369.94295pt x 369.95276pt.
<figure/ch02_figunnamed-chunk-12-1.pdf, id=575, 505.89pt x 505.89pt>
File: figure/ch02_figunnamed-chunk-12-1.pdf Graphic file (type pdf)
<use figure/ch02_figunnamed-chunk-12-1.pdf>
Package pdftex.def Info: figure/ch02_figunnamed-chunk-12-1.pdf  used on input line 552.
(pdftex.def)             Requested size: 369.94295pt x 369.95276pt.
<figure/ch02_figunnamed-chunk-13-1.pdf, id=584, 505.89pt x 505.89pt>
File: figure/ch02_figunnamed-chunk-13-1.pdf Graphic file (type pdf)
<use figure/ch02_figunnamed-chunk-13-1.pdf>
Package pdftex.def Info: figure/ch02_figunnamed-chunk-13-1.pdf  used on input line 566.
(pdftex.def)             Requested size: 369.94295pt x 369.95276pt.
<figure/ch02_figunnamed-chunk-14-1.pdf, id=593, 505.89pt x 505.89pt>
File: figure/ch02_figunnamed-chunk-14-1.pdf Graphic file (type pdf)
<use figure/ch02_figunnamed-chunk-14-1.pdf>
Package pdftex.def Info: figure/ch02_figunnamed-chunk-14-1.pdf  used on input line 581.
(pdftex.def)             Requested size: 369.94295pt x 369.95276pt.


[18]
Underfull \vbox (badness 10000) has occurred while \output is active []



[19 <./figure/ch02_figunnamed-chunk-11-1.pdf>]
<figure/ch02_figunnamed-chunk-15-1.pdf, id=624, 505.89pt x 505.89pt>
File: figure/ch02_figunnamed-chunk-15-1.pdf Graphic file (type pdf)
<use figure/ch02_figunnamed-chunk-15-1.pdf>
Package pdftex.def Info: figure/ch02_figunnamed-chunk-15-1.pdf  used on input line 625.
(pdftex.def)             Requested size: 369.94295pt x 369.95276pt.


[20 <./figure/ch02_figunnamed-chunk-12-1.pdf>]

[21 <./figure/ch02_figunnamed-chunk-13-1.pdf>]

[22 <./figure/ch02_figunnamed-chunk-14-1.pdf>]

[23 <./figure/ch02_figunnamed-chunk-15-1.pdf>]

[24

]
Chapter 4.


[25]

[26]
<figure/ch02_figunnamed-chunk-16-1.pdf, id=707, 505.89pt x 361.35pt>
File: figure/ch02_figunnamed-chunk-16-1.pdf Graphic file (type pdf)
<use figure/ch02_figunnamed-chunk-16-1.pdf>
Package pdftex.def Info: figure/ch02_figunnamed-chunk-16-1.pdf  used on input line 729.
(pdftex.def)             Requested size: 369.94295pt x 264.25197pt.
<figure/ch02_figunnamed-chunk-17-1.pdf, id=708, 505.89pt x 505.89pt>
File: figure/ch02_figunnamed-chunk-17-1.pdf Graphic file (type pdf)
<use figure/ch02_figunnamed-chunk-17-1.pdf>
Package pdftex.def Info: figure/ch02_figunnamed-chunk-17-1.pdf  used on input line 745.
(pdftex.def)             Requested size: 369.94295pt x 369.95276pt.
<figure/ch02_figunnamed-chunk-18-1.pdf, id=719, 505.89pt x 505.89pt>
File: figure/ch02_figunnamed-chunk-18-1.pdf Graphic file (type pdf)
<use figure/ch02_figunnamed-chunk-18-1.pdf>
Package pdftex.def Info: figure/ch02_figunnamed-chunk-18-1.pdf  used on input line 760.
(pdftex.def)             Requested size: 369.94295pt x 369.95276pt.
) (./chapter03.tex

[27 <./figure/ch02_figunnamed-chunk-16-1.pdf>]

[28 <./figure/ch02_figunnamed-chunk-17-1.pdf>]

[29 <./figure/ch02_figunnamed-chunk-18-1.pdf>]

[30

]
Chapter 5.

Overfull \hbox (18.06136pt too wide) in paragraph at lines 26--26
[]\T1/cmr/bx/n/14.4 Important ques-tions when fore-cast-ing re-cruit-ment at the design-
 []



[31]
<figure/ch03_figunnamed-chunk-1-1.pdf, id=791, 505.89pt x 505.89pt>
File: figure/ch03_figunnamed-chunk-1-1.pdf Graphic file (type pdf)
<use figure/ch03_figunnamed-chunk-1-1.pdf>
Package pdftex.def Info: figure/ch03_figunnamed-chunk-1-1.pdf  used on input line 75.
(pdftex.def)             Requested size: 455.30121pt x 455.31221pt.
<figure/ch03_figunnamed-chunk-2-1.pdf, id=792, 505.89pt x 505.89pt>
File: figure/ch03_figunnamed-chunk-2-1.pdf Graphic file (type pdf)
<use figure/ch03_figunnamed-chunk-2-1.pdf>
Package pdftex.def Info: figure/ch03_figunnamed-chunk-2-1.pdf  used on input line 86.
(pdftex.def)             Requested size: 455.30121pt x 455.31221pt.
<figure/ch03_figunnamed-chunk-3-1.pdf, id=795, 505.89pt x 505.89pt>
File: figure/ch03_figunnamed-chunk-3-1.pdf Graphic file (type pdf)
<use figure/ch03_figunnamed-chunk-3-1.pdf>
Package pdftex.def Info: figure/ch03_figunnamed-chunk-3-1.pdf  used on input line 137.
(pdftex.def)             Requested size: 455.30121pt x 455.31221pt.
<figure/ch03_figunnamed-chunk-4-1.pdf, id=796, 505.89pt x 505.89pt>
File: figure/ch03_figunnamed-chunk-4-1.pdf Graphic file (type pdf)
<use figure/ch03_figunnamed-chunk-4-1.pdf>
Package pdftex.def Info: figure/ch03_figunnamed-chunk-4-1.pdf  used on input line 147.
(pdftex.def)             Requested size: 455.30121pt x 455.31221pt.


[32]) (./chapter04.tex

[33 <./figure/ch03_figunnamed-chunk-1-1.pdf>]

[34 <./figure/ch03_figunnamed-chunk-2-1.pdf>]

[35 <./figure/ch03_figunnamed-chunk-3-1.pdf>]

[36 <./figure/ch03_figunnamed-chunk-4-1.pdf>]
Chapter 6.
) (./chapter05.tex

[37

]

[38

]
Chapter 7.
)

[39]

[40

] (./msc_report.bbl (./msc_report.brf)
\tf@brf=\write6
\openout6 = `msc_report.brf'.



[41

]
Underfull \hbox (badness 2343) in paragraph at lines 93--93
[]\T1/cmr/m/n/10.95 National In-sti-tute of Al-lergy and In-fec-tious Dis-eases (2021).  Screen-ing, en-roll-ment,
 []


Underfull \hbox (badness 2547) in paragraph at lines 93--93
\T1/cmr/m/n/10.95 and un-blind-ing of par-tic-i-pants.  [][]$\T1/cmtt/m/n/10.95 https : / / www . niaid . nih . gov / sites / default / files /
 []

)

[42] (./msc_report.aux)
 ***********
LaTeX2e <2024-11-01> patch level 2
L3 programming layer <2025-01-18>
 ***********
Package rerunfilecheck Info: File `msc_report.out' has not changed.
(rerunfilecheck)             Checksum: DA165A1D36D231652EE155BD75CEC03C;1766.
Package rerunfilecheck Info: File `msc_report.brf' has not changed.
(rerunfilecheck)             Checksum: 19F0672BDCAA4E21944F46E72D3AAF6D;4396.
 ) 
Here is how much of TeX's memory you used:
 15305 strings out of 475129
 250875 string characters out of 5762560
 663328 words of memory out of 5000000
 37897 multiletter control sequences out of 15000+600000
 582778 words of font info for 86 fonts, out of 8000000 for 9000
 36 hyphenation exceptions out of 8191
 95i,17n,96p,891b,489s stack positions out of 10000i,1000n,20000p,200000b,200000s
 </Users/pilarpastormartinez/Library/TinyTeX/texmf-var/fonts/pk/ljfour/jknappen/ec/ectt1095.600pk> </Users/pilarpastormartinez/Library/TinyTeX/texmf-var/fonts/pk/ljfour/jknappen/ec/ecrm0800.600pk> </Users/pilarpastormartinez/Library/TinyTeX/texmf-var/fonts/pk/ljfour/jknappen/ec/ecbx1200.600pk> </Users/pilarpastormartinez/Library/TinyTeX/texmf-var/fonts/pk/ljfour/jknappen/ec/tcrm1095.600pk> </Users/pilarpastormartinez/Library/TinyTeX/texmf-var/fonts/pk/ljfour/jknappen/ec/ecti1095.600pk> </Users/pilarpastormartinez/Library/TinyTeX/texmf-var/fonts/pk/ljfour/jknappen/ec/ecbx1440.600pk> </Users/pilarpastormartinez/Library/TinyTeX/texmf-var/fonts/pk/ljfour/jknappen/ec/ecbx2074.600pk> </Users/pilarpastormartinez/Library/TinyTeX/texmf-var/fonts/pk/ljfour/jknappen/ec/ecsl1095.600pk> </Users/pilarpastormartinez/Library/TinyTeX/texmf-var/fonts/pk/ljfour/jknappen/ec/ecbx1095.600pk> </Users/pilarpastormartinez/Library/TinyTeX/texmf-var/fonts/pk/ljfour/jknappen/ec/ecrm1095.600pk> </Users/pilarpastormartinez/Library/TinyTeX/texmf-var/fonts/pk/ljfour/jknappen/ec/ecrm1728.600pk> </Users/pilarpastormartinez/Library/TinyTeX/texmf-var/fonts/pk/ljfour/jknappen/ec/ecbx2488.600pk> </Users/pilarpastormartinez/Library/TinyTeX/texmf-var/fonts/pk/ljfour/jknappen/ec/ecss1000.600pk> </Users/pilarpastormartinez/Library/TinyTeX/texmf-var/fonts/pk/ljfour/jknappen/ec/ecss1200.600pk> </Users/pilarpastormartinez/Library/TinyTeX/texmf-var/fonts/pk/ljfour/jknappen/ec/ecsx1440.600pk></Users/pilarpastormartinez/Library/TinyTeX/texmf-dist/fonts/type1/public/amsfonts/cm/cmbx10.pfb></Users/pilarpastormartinez/Library/TinyTeX/texmf-dist/fonts/type1/public/amsfonts/cm/cmex10.pfb></Users/pilarpastormartinez/Library/TinyTeX/texmf-dist/fonts/type1/public/amsfonts/cm/cmmi10.pfb></Users/pilarpastormartinez/Library/TinyTeX/texmf-dist/fonts/type1/public/amsfonts/cm/cmmi12.pfb></Users/pilarpastormartinez/Library/TinyTeX/texmf-dist/fonts/type1/public/amsfonts/cm/cmmi8.pfb></Users/pilarpastormartinez/Library/TinyTeX/texmf-dist/fonts/type1/public/amsfonts/cm/cmr10.pfb></Users/pilarpastormartinez/Library/TinyTeX/texmf-dist/fonts/type1/public/amsfonts/cm/cmr6.pfb></Users/pilarpastormartinez/Library/TinyTeX/texmf-dist/fonts/type1/public/amsfonts/cm/cmr8.pfb></Users/pilarpastormartinez/Library/TinyTeX/texmf-dist/fonts/type1/public/amsfonts/cm/cmsy10.pfb></Users/pilarpastormartinez/Library/TinyTeX/texmf-dist/fonts/type1/public/amsfonts/cm/cmsy8.pfb>
Output written on msc_report.pdf (50 pages, 2113893 bytes).
PDF statistics:
 1551 PDF objects out of 1728 (max. 8388607)
 898 compressed objects within 9 object streams
 162 named destinations out of 1000 (max. 500000)
 308 words of extra memory for PDF output out of 10000 (max. 10000000)

