\BOOKMARK [0][-]{chapter*.2}{Preface}{}% 1
\BOOKMARK [0][-]{chapter.1}{Introduction}{}% 2
\BOOKMARK [0][-]{chapter.2}{Methodology}{}% 3
\BOOKMARK [1][-]{section.2.1}{Definitions}{chapter.2}% 4
\BOOKMARK [1][-]{section.2.2}{Uncertainty and models for counts and time}{chapter.2}% 5
\BOOKMARK [1][-]{section.2.3}{Counts: Model based on Expectations}{chapter.2}% 6
\BOOKMARK [1][-]{section.2.4}{Counts: Model based on Poisson Process}{chapter.2}% 7
\BOOKMARK [1][-]{section.2.5}{Counts: Negative Binomial model derived from Poisson-Gamma model}{chapter.2}% 8
\BOOKMARK [1][-]{section.2.6}{Comparison of models for the accrual of counts}{chapter.2}% 9
\BOOKMARK [1][-]{section.2.7}{Generation of Poisson-Gamma model}{chapter.2}% 10
\BOOKMARK [1][-]{section.2.8}{Time: Model based on Expectations}{chapter.2}% 11
\BOOKMARK [1][-]{section.2.9}{Time: Model based on Erlang distribution}{chapter.2}% 12
\BOOKMARK [1][-]{section.2.10}{Time: Beta-Prime derived from Gamma-Gamma model}{chapter.2}% 13
\BOOKMARK [0][-]{chapter.3}{Results}{}% 14
\BOOKMARK [1][-]{section.3.1}{Important questions when forecasting recruitment at the design-stage of a study}{chapter.3}% 15
\BOOKMARK [1][-]{section.3.2}{Counts: Comparison exact vs Monte Carlo simulations}{chapter.3}% 16
\BOOKMARK [1][-]{section.3.3}{Time: Comparison exact vs Monte Carlo simulations}{chapter.3}% 17
\BOOKMARK [0][-]{chapter.4}{Discussion and Outlook}{}% 18
\BOOKMARK [0][-]{chapter.5}{Conclusions}{}% 19
\BOOKMARK [0][-]{section*.27}{Bibliography}{}% 20
